timestamp: 2025-06-25T21:21:49.320833
CREATE TABLE "auth_user"(
    "id" INTEGER PRIMARY KEY AUTOINCREMENT,
    "username" CHAR(512) UNIQUE,
    "email" CHAR(512) UNIQUE,
    "password" CHAR(512),
    "first_name" CHAR(512),
    "last_name" CHAR(512),
    "sso_id" CHAR(512),
    "action_token" CHAR(512),
    "last_password_change" TIMESTAMP,
    "past_passwords_hash" TEXT
);
success!
timestamp: 2025-06-25T21:21:49.328828
CREATE TABLE "auth_user_tag_groups"(
    "id" INTEGER PRIMARY KEY AUTOINCREMENT,
    "tagpath" CHAR(512),
    "record_id" INTEGER REFERENCES "auth_user" ("id") ON DELETE CASCADE ON UPDATE CASCADE  
);
success!
timestamp: 2025-06-25T21:21:49.339551
CREATE TABLE "funcionario"(
    "id" INTEGER PRIMARY KEY AUTOINCREMENT,
    "nome" CHAR(512),
    "cpf" CHAR(512) UNIQUE,
    "rg" CHAR(512),
    "idade" INTEGER,
    "estado_civil" CHAR(512),
    "sexo" CHAR(512),
    "data_nascimento" DATE,
    "rua" CHAR(512),
    "bairro" CHAR(512),
    "cidade" CHAR(512),
    "cep" CHAR(512),
    "estado" CHAR(512),
    "data_entrada" DATE,
    "cargo" CHAR(512),
    "salario" DOUBLE,
    "created_on" TIMESTAMP,
    "updated_on" TIMESTAMP
);
success!
timestamp: 2025-06-25T21:21:49.347872
CREATE TABLE "contrato"(
    "id" INTEGER PRIMARY KEY AUTOINCREMENT,
    "funcionario" INTEGER REFERENCES "funcionario" ("id") ON DELETE CASCADE ON UPDATE CASCADE  ,
    "arquivo" CHAR(512),
    "status" CHAR(512),
    "data_geracao" TIMESTAMP,
    "arquivo_assinado" CHAR(512),
    "data_assinatura" TIMESTAMP,
    "created_on" TIMESTAMP,
    "updated_on" TIMESTAMP
);
success!
